2023-10-24T04:11:26.430574Z 0 [Warning] [MY-010097] [Server] Insecure configuration for --secure-file-priv: Current value does not restrict location of generated files. Consider setting it to a valid, non-empty path.
2023-10-24T04:11:26.430662Z 0 [Warning] [MY-010918] [Server] 'default_authentication_plugin' is deprecated and will be removed in a future release. Please use authentication_policy instead.
2023-10-24T04:11:26.430725Z 0 [System] [MY-010116] [Server] C:\laragon\bin\mysql\mysql-8.0.30-winx64\bin\mysqld (mysqld 8.0.30) starting as process 25300
2023-10-24T04:11:26.533447Z 1 [System] [MY-013576] [InnoDB] InnoDB initialization has started.
2023-10-24T04:11:27.008439Z 1 [System] [MY-013577] [InnoDB] InnoDB initialization has ended.
2023-10-24T04:11:27.604443Z 0 [Warning] [MY-013829] [Server] Missing data directory for ICU regular expressions: C:\laragon\bin\mysql\mysql-8.0.30-winx64\lib\private\.
2023-10-24T04:11:27.614532Z 0 [Warning] [MY-010068] [Server] CA certificate ca.pem is self signed.
2023-10-24T04:11:27.615283Z 0 [System] [MY-013602] [Server] Channel mysql_main configured to support TLS. Encrypted connections are now supported for this channel.
2023-10-24T04:11:27.665435Z 0 [System] [MY-011323] [Server] X Plugin ready for connections. Bind-address: '::' port: 33060
2023-10-24T04:11:27.665550Z 0 [System] [MY-010931] [Server] C:\laragon\bin\mysql\mysql-8.0.30-winx64\bin\mysqld: ready for connections. Version: '8.0.30'  socket: ''  port: 3306  MySQL Community Server - GPL.
2023-10-24T04:15:17.095897Z 8 [System] [MY-013172] [Server] Received SHUTDOWN from user root. Shutting down mysqld (Version: 8.0.30).
2023-10-24T04:15:17.097661Z 0 [System] [MY-013105] [Server] C:\laragon\bin\mysql\mysql-8.0.30-winx64\bin\mysqld: Normal shutdown.
2023-10-24T04:15:17.512046Z 0 [System] [MY-010910] [Server] C:\laragon\bin\mysql\mysql-8.0.30-winx64\bin\mysqld: Shutdown complete (mysqld 8.0.30)  MySQL Community Server - GPL.
2023-10-24T04:21:08.673847Z 0 [Warning] [MY-010097] [Server] Insecure configuration for --secure-file-priv: Current value does not restrict location of generated files. Consider setting it to a valid, non-empty path.
2023-10-24T04:21:08.673961Z 0 [Warning] [MY-010918] [Server] 'default_authentication_plugin' is deprecated and will be removed in a future release. Please use authentication_policy instead.
2023-10-24T04:21:08.674030Z 0 [System] [MY-010116] [Server] C:\laragon\bin\mysql\mysql-8.0.30-winx64\bin\mysqld (mysqld 8.0.30) starting as process 29772
2023-10-24T04:21:08.779856Z 1 [System] [MY-013576] [InnoDB] InnoDB initialization has started.
2023-10-24T04:21:09.168918Z 1 [System] [MY-013577] [InnoDB] InnoDB initialization has ended.
2023-10-24T04:21:09.664433Z 0 [Warning] [MY-013829] [Server] Missing data directory for ICU regular expressions: C:\laragon\bin\mysql\mysql-8.0.30-winx64\lib\private\.
2023-10-24T04:21:09.675372Z 0 [Warning] [MY-010068] [Server] CA certificate ca.pem is self signed.
2023-10-24T04:21:09.676223Z 0 [System] [MY-013602] [Server] Channel mysql_main configured to support TLS. Encrypted connections are now supported for this channel.
2023-10-24T04:21:09.772012Z 0 [System] [MY-011323] [Server] X Plugin ready for connections. Bind-address: '::' port: 33060
2023-10-24T04:21:09.772315Z 0 [System] [MY-010931] [Server] C:\laragon\bin\mysql\mysql-8.0.30-winx64\bin\mysqld: ready for connections. Version: '8.0.30'  socket: ''  port: 3306  MySQL Community Server - GPL.
2023-10-24T04:22:27.269346Z 8 [System] [MY-013172] [Server] Received SHUTDOWN from user root. Shutting down mysqld (Version: 8.0.30).
2023-10-24T04:22:27.270592Z 0 [System] [MY-013105] [Server] C:\laragon\bin\mysql\mysql-8.0.30-winx64\bin\mysqld: Normal shutdown.
2023-10-24T04:22:28.234123Z 0 [System] [MY-010910] [Server] C:\laragon\bin\mysql\mysql-8.0.30-winx64\bin\mysqld: Shutdown complete (mysqld 8.0.30)  MySQL Community Server - GPL.
2023-10-24T04:22:35.379111Z 0 [Warning] [MY-010097] [Server] Insecure configuration for --secure-file-priv: Current value does not restrict location of generated files. Consider setting it to a valid, non-empty path.
2023-10-24T04:22:35.379221Z 0 [Warning] [MY-010918] [Server] 'default_authentication_plugin' is deprecated and will be removed in a future release. Please use authentication_policy instead.
2023-10-24T04:22:35.379278Z 0 [System] [MY-010116] [Server] C:\laragon\bin\mysql\mysql-8.0.30-winx64\bin\mysqld (mysqld 8.0.30) starting as process 15880
2023-10-24T04:22:35.490181Z 1 [System] [MY-013576] [InnoDB] InnoDB initialization has started.
2023-10-24T04:22:35.925193Z 1 [System] [MY-013577] [InnoDB] InnoDB initialization has ended.
2023-10-24T04:22:36.351696Z 0 [Warning] [MY-013829] [Server] Missing data directory for ICU regular expressions: C:\laragon\bin\mysql\mysql-8.0.30-winx64\lib\private\.
2023-10-24T04:22:36.362561Z 0 [Warning] [MY-010068] [Server] CA certificate ca.pem is self signed.
2023-10-24T04:22:36.363343Z 0 [System] [MY-013602] [Server] Channel mysql_main configured to support TLS. Encrypted connections are now supported for this channel.
2023-10-24T04:22:36.424041Z 0 [System] [MY-011323] [Server] X Plugin ready for connections. Bind-address: '::' port: 33060
2023-10-24T04:22:36.424250Z 0 [System] [MY-010931] [Server] C:\laragon\bin\mysql\mysql-8.0.30-winx64\bin\mysqld: ready for connections. Version: '8.0.30'  socket: ''  port: 3306  MySQL Community Server - GPL.
2023-10-24T04:23:05.471903Z 8 [System] [MY-013172] [Server] Received SHUTDOWN from user root. Shutting down mysqld (Version: 8.0.30).
2023-10-24T04:23:05.473223Z 0 [System] [MY-013105] [Server] C:\laragon\bin\mysql\mysql-8.0.30-winx64\bin\mysqld: Normal shutdown.
2023-10-24T04:23:06.656583Z 0 [System] [MY-010910] [Server] C:\laragon\bin\mysql\mysql-8.0.30-winx64\bin\mysqld: Shutdown complete (mysqld 8.0.30)  MySQL Community Server - GPL.
2023-10-24T04:23:44.982927Z 0 [Warning] [MY-010097] [Server] Insecure configuration for --secure-file-priv: Current value does not restrict location of generated files. Consider setting it to a valid, non-empty path.
2023-10-24T04:23:44.983009Z 0 [Warning] [MY-010918] [Server] 'default_authentication_plugin' is deprecated and will be removed in a future release. Please use authentication_policy instead.
2023-10-24T04:23:44.983058Z 0 [System] [MY-010116] [Server] C:\laragon\bin\mysql\mysql-8.0.30-winx64\bin\mysqld (mysqld 8.0.30) starting as process 29332
2023-10-24T04:23:45.073032Z 1 [System] [MY-013576] [InnoDB] InnoDB initialization has started.
2023-10-24T04:23:45.495774Z 1 [System] [MY-013577] [InnoDB] InnoDB initialization has ended.
2023-10-24T04:23:45.988066Z 0 [Warning] [MY-013829] [Server] Missing data directory for ICU regular expressions: C:\laragon\bin\mysql\mysql-8.0.30-winx64\lib\private\.
2023-10-24T04:23:45.998693Z 0 [Warning] [MY-010068] [Server] CA certificate ca.pem is self signed.
2023-10-24T04:23:45.999446Z 0 [System] [MY-013602] [Server] Channel mysql_main configured to support TLS. Encrypted connections are now supported for this channel.
2023-10-24T04:23:46.046230Z 0 [System] [MY-011323] [Server] X Plugin ready for connections. Bind-address: '::' port: 33060
2023-10-24T04:23:46.046383Z 0 [System] [MY-010931] [Server] C:\laragon\bin\mysql\mysql-8.0.30-winx64\bin\mysqld: ready for connections. Version: '8.0.30'  socket: ''  port: 3306  MySQL Community Server - GPL.
2023-10-24T04:26:53.106216Z 0 [Warning] [MY-010097] [Server] Insecure configuration for --secure-file-priv: Current value does not restrict location of generated files. Consider setting it to a valid, non-empty path.
2023-10-24T04:26:53.106738Z 0 [Warning] [MY-010918] [Server] 'default_authentication_plugin' is deprecated and will be removed in a future release. Please use authentication_policy instead.
2023-10-24T04:26:53.106792Z 0 [System] [MY-010116] [Server] C:\laragon\bin\mysql\mysql-8.0.30-winx64\bin\mysqld (mysqld 8.0.30) starting as process 29368
2023-10-24T04:26:53.147995Z 1 [System] [MY-013576] [InnoDB] InnoDB initialization has started.
2023-10-24T04:26:53.743921Z 1 [System] [MY-013577] [InnoDB] InnoDB initialization has ended.
2023-10-24T04:26:54.038867Z 0 [System] [MY-010229] [Server] Starting XA crash recovery...
2023-10-24T04:26:54.042798Z 0 [System] [MY-010232] [Server] XA crash recovery finished.
2023-10-24T04:26:54.131499Z 0 [Warning] [MY-013829] [Server] Missing data directory for ICU regular expressions: C:\laragon\bin\mysql\mysql-8.0.30-winx64\lib\private\.
2023-10-24T04:26:54.151072Z 0 [Warning] [MY-010068] [Server] CA certificate ca.pem is self signed.
2023-10-24T04:26:54.151761Z 0 [System] [MY-013602] [Server] Channel mysql_main configured to support TLS. Encrypted connections are now supported for this channel.
2023-10-24T04:26:54.225685Z 0 [System] [MY-011323] [Server] X Plugin ready for connections. Bind-address: '::' port: 33060
2023-10-24T04:26:54.225894Z 0 [System] [MY-010931] [Server] C:\laragon\bin\mysql\mysql-8.0.30-winx64\bin\mysqld: ready for connections. Version: '8.0.30'  socket: ''  port: 3306  MySQL Community Server - GPL.
2023-10-24T04:31:16.589409Z 8 [System] [MY-013172] [Server] Received SHUTDOWN from user root. Shutting down mysqld (Version: 8.0.30).
2023-10-24T04:31:16.590745Z 0 [System] [MY-013105] [Server] C:\laragon\bin\mysql\mysql-8.0.30-winx64\bin\mysqld: Normal shutdown.
2023-10-24T04:31:17.368925Z 0 [System] [MY-010910] [Server] C:\laragon\bin\mysql\mysql-8.0.30-winx64\bin\mysqld: Shutdown complete (mysqld 8.0.30)  MySQL Community Server - GPL.
2023-10-24T05:04:59.162821Z 0 [Warning] [MY-010097] [Server] Insecure configuration for --secure-file-priv: Current value does not restrict location of generated files. Consider setting it to a valid, non-empty path.
2023-10-24T05:04:59.163670Z 0 [Warning] [MY-010918] [Server] 'default_authentication_plugin' is deprecated and will be removed in a future release. Please use authentication_policy instead.
2023-10-24T05:04:59.163725Z 0 [System] [MY-010116] [Server] C:\laragon\bin\mysql\mysql-8.0.30-winx64\bin\mysqld (mysqld 8.0.30) starting as process 1284
2023-10-24T05:04:59.235383Z 1 [System] [MY-013576] [InnoDB] InnoDB initialization has started.
2023-10-24T05:04:59.660748Z 1 [System] [MY-013577] [InnoDB] InnoDB initialization has ended.
2023-10-24T05:05:00.136125Z 0 [Warning] [MY-013829] [Server] Missing data directory for ICU regular expressions: C:\laragon\bin\mysql\mysql-8.0.30-winx64\lib\private\.
2023-10-24T05:05:00.159119Z 0 [Warning] [MY-010068] [Server] CA certificate ca.pem is self signed.
2023-10-24T05:05:00.159991Z 0 [System] [MY-013602] [Server] Channel mysql_main configured to support TLS. Encrypted connections are now supported for this channel.
2023-10-24T05:05:00.230041Z 0 [System] [MY-011323] [Server] X Plugin ready for connections. Bind-address: '::' port: 33060
2023-10-24T05:05:00.230364Z 0 [System] [MY-010931] [Server] C:\laragon\bin\mysql\mysql-8.0.30-winx64\bin\mysqld: ready for connections. Version: '8.0.30'  socket: ''  port: 3306  MySQL Community Server - GPL.
2023-10-25T03:51:22.077310Z 0 [Warning] [MY-010097] [Server] Insecure configuration for --secure-file-priv: Current value does not restrict location of generated files. Consider setting it to a valid, non-empty path.
2023-10-25T03:51:22.077451Z 0 [Warning] [MY-010918] [Server] 'default_authentication_plugin' is deprecated and will be removed in a future release. Please use authentication_policy instead.
2023-10-25T03:51:22.077567Z 0 [System] [MY-010116] [Server] C:\laragon\bin\mysql\mysql-8.0.30-winx64\bin\mysqld (mysqld 8.0.30) starting as process 6536
2023-10-25T03:51:22.214881Z 1 [System] [MY-013576] [InnoDB] InnoDB initialization has started.
2023-10-25T03:51:22.877654Z 1 [System] [MY-013577] [InnoDB] InnoDB initialization has ended.
2023-10-25T03:51:23.174032Z 0 [System] [MY-010229] [Server] Starting XA crash recovery...
2023-10-25T03:51:23.182672Z 0 [System] [MY-010232] [Server] XA crash recovery finished.
2023-10-25T03:51:23.291412Z 0 [Warning] [MY-013829] [Server] Missing data directory for ICU regular expressions: C:\laragon\bin\mysql\mysql-8.0.30-winx64\lib\private\.
2023-10-25T03:51:23.315734Z 0 [Warning] [MY-010068] [Server] CA certificate ca.pem is self signed.
2023-10-25T03:51:23.316565Z 0 [System] [MY-013602] [Server] Channel mysql_main configured to support TLS. Encrypted connections are now supported for this channel.
2023-10-25T03:51:23.397416Z 0 [System] [MY-011323] [Server] X Plugin ready for connections. Bind-address: '::' port: 33060
2023-10-25T03:51:23.397584Z 0 [System] [MY-010931] [Server] C:\laragon\bin\mysql\mysql-8.0.30-winx64\bin\mysqld: ready for connections. Version: '8.0.30'  socket: ''  port: 3306  MySQL Community Server - GPL.
2023-10-25T04:40:33.350949Z 12 [System] [MY-013172] [Server] Received SHUTDOWN from user root. Shutting down mysqld (Version: 8.0.30).
2023-10-25T04:40:33.352348Z 0 [System] [MY-013105] [Server] C:\laragon\bin\mysql\mysql-8.0.30-winx64\bin\mysqld: Normal shutdown.
2023-10-25T04:40:35.369540Z 0 [Warning] [MY-010909] [Server] C:\laragon\bin\mysql\mysql-8.0.30-winx64\bin\mysqld: Forcing close of thread 11  user: 'root'.
2023-10-25T04:40:36.540218Z 0 [System] [MY-010910] [Server] C:\laragon\bin\mysql\mysql-8.0.30-winx64\bin\mysqld: Shutdown complete (mysqld 8.0.30)  MySQL Community Server - GPL.
2023-10-25T04:40:42.728312Z 0 [Warning] [MY-010097] [Server] Insecure configuration for --secure-file-priv: Current value does not restrict location of generated files. Consider setting it to a valid, non-empty path.
2023-10-25T04:40:42.728448Z 0 [Warning] [MY-010918] [Server] 'default_authentication_plugin' is deprecated and will be removed in a future release. Please use authentication_policy instead.
2023-10-25T04:40:42.728517Z 0 [System] [MY-010116] [Server] C:\laragon\bin\mysql\mysql-8.0.30-winx64\bin\mysqld (mysqld 8.0.30) starting as process 22660
2023-10-25T04:40:42.789754Z 1 [System] [MY-013576] [InnoDB] InnoDB initialization has started.
2023-10-25T04:40:43.217809Z 1 [System] [MY-013577] [InnoDB] InnoDB initialization has ended.
2023-10-25T04:40:43.915268Z 0 [Warning] [MY-013829] [Server] Missing data directory for ICU regular expressions: C:\laragon\bin\mysql\mysql-8.0.30-winx64\lib\private\.
2023-10-25T04:40:43.928148Z 0 [Warning] [MY-010068] [Server] CA certificate ca.pem is self signed.
2023-10-25T04:40:43.929348Z 0 [System] [MY-013602] [Server] Channel mysql_main configured to support TLS. Encrypted connections are now supported for this channel.
2023-10-25T04:40:43.993734Z 0 [System] [MY-011323] [Server] X Plugin ready for connections. Bind-address: '::' port: 33060
2023-10-25T04:40:43.993998Z 0 [System] [MY-010931] [Server] C:\laragon\bin\mysql\mysql-8.0.30-winx64\bin\mysqld: ready for connections. Version: '8.0.30'  socket: ''  port: 3306  MySQL Community Server - GPL.
2023-10-25T05:10:36.411177Z 9 [System] [MY-013172] [Server] Received SHUTDOWN from user root. Shutting down mysqld (Version: 8.0.30).
2023-10-25T05:10:36.413254Z 0 [System] [MY-013105] [Server] C:\laragon\bin\mysql\mysql-8.0.30-winx64\bin\mysqld: Normal shutdown.
2023-10-25T05:10:37.729919Z 0 [System] [MY-010910] [Server] C:\laragon\bin\mysql\mysql-8.0.30-winx64\bin\mysqld: Shutdown complete (mysqld 8.0.30)  MySQL Community Server - GPL.
2023-10-26T02:20:13.139898Z 0 [Warning] [MY-010097] [Server] Insecure configuration for --secure-file-priv: Current value does not restrict location of generated files. Consider setting it to a valid, non-empty path.
2023-10-26T02:20:13.140011Z 0 [Warning] [MY-010918] [Server] 'default_authentication_plugin' is deprecated and will be removed in a future release. Please use authentication_policy instead.
2023-10-26T02:20:13.140065Z 0 [System] [MY-010116] [Server] C:\laragon\bin\mysql\mysql-8.0.30-winx64\bin\mysqld (mysqld 8.0.30) starting as process 28264
2023-10-26T02:20:13.267535Z 1 [System] [MY-013576] [InnoDB] InnoDB initialization has started.
2023-10-26T02:20:13.907995Z 1 [System] [MY-013577] [InnoDB] InnoDB initialization has ended.
2023-10-26T02:20:14.513107Z 0 [Warning] [MY-013829] [Server] Missing data directory for ICU regular expressions: C:\laragon\bin\mysql\mysql-8.0.30-winx64\lib\private\.
2023-10-26T02:20:14.568327Z 0 [Warning] [MY-010068] [Server] CA certificate ca.pem is self signed.
2023-10-26T02:20:14.569618Z 0 [System] [MY-013602] [Server] Channel mysql_main configured to support TLS. Encrypted connections are now supported for this channel.
2023-10-26T02:20:14.715296Z 0 [System] [MY-011323] [Server] X Plugin ready for connections. Bind-address: '::' port: 33060
2023-10-26T02:20:14.715584Z 0 [System] [MY-010931] [Server] C:\laragon\bin\mysql\mysql-8.0.30-winx64\bin\mysqld: ready for connections. Version: '8.0.30'  socket: ''  port: 3306  MySQL Community Server - GPL.
2023-10-26T02:49:10.182113Z 9 [System] [MY-013172] [Server] Received SHUTDOWN from user root. Shutting down mysqld (Version: 8.0.30).
2023-10-26T02:49:10.183474Z 0 [System] [MY-013105] [Server] C:\laragon\bin\mysql\mysql-8.0.30-winx64\bin\mysqld: Normal shutdown.
2023-10-26T02:49:12.880865Z 0 [System] [MY-010910] [Server] C:\laragon\bin\mysql\mysql-8.0.30-winx64\bin\mysqld: Shutdown complete (mysqld 8.0.30)  MySQL Community Server - GPL.
2023-10-26T05:06:26.080500Z 0 [Warning] [MY-010097] [Server] Insecure configuration for --secure-file-priv: Current value does not restrict location of generated files. Consider setting it to a valid, non-empty path.
2023-10-26T05:06:26.080574Z 0 [Warning] [MY-010918] [Server] 'default_authentication_plugin' is deprecated and will be removed in a future release. Please use authentication_policy instead.
2023-10-26T05:06:26.080618Z 0 [System] [MY-010116] [Server] C:\laragon\bin\mysql\mysql-8.0.30-winx64\bin\mysqld (mysqld 8.0.30) starting as process 30408
2023-10-26T05:06:26.159710Z 1 [System] [MY-013576] [InnoDB] InnoDB initialization has started.
2023-10-26T05:06:26.701335Z 1 [System] [MY-013577] [InnoDB] InnoDB initialization has ended.
2023-10-26T05:06:27.276093Z 0 [Warning] [MY-013829] [Server] Missing data directory for ICU regular expressions: C:\laragon\bin\mysql\mysql-8.0.30-winx64\lib\private\.
2023-10-26T05:06:27.312529Z 0 [Warning] [MY-010068] [Server] CA certificate ca.pem is self signed.
2023-10-26T05:06:27.313342Z 0 [System] [MY-013602] [Server] Channel mysql_main configured to support TLS. Encrypted connections are now supported for this channel.
2023-10-26T05:06:27.409689Z 0 [System] [MY-011323] [Server] X Plugin ready for connections. Bind-address: '::' port: 33060
2023-10-26T05:06:27.409924Z 0 [System] [MY-010931] [Server] C:\laragon\bin\mysql\mysql-8.0.30-winx64\bin\mysqld: ready for connections. Version: '8.0.30'  socket: ''  port: 3306  MySQL Community Server - GPL.
2023-10-26T05:33:24.019822Z 14 [System] [MY-013172] [Server] Received SHUTDOWN from user root. Shutting down mysqld (Version: 8.0.30).
2023-10-26T05:33:24.021229Z 0 [System] [MY-013105] [Server] C:\laragon\bin\mysql\mysql-8.0.30-winx64\bin\mysqld: Normal shutdown.
2023-10-26T05:33:24.939706Z 0 [System] [MY-010910] [Server] C:\laragon\bin\mysql\mysql-8.0.30-winx64\bin\mysqld: Shutdown complete (mysqld 8.0.30)  MySQL Community Server - GPL.
2023-10-26T06:14:39.934772Z 0 [Warning] [MY-010097] [Server] Insecure configuration for --secure-file-priv: Current value does not restrict location of generated files. Consider setting it to a valid, non-empty path.
2023-10-26T06:14:39.935733Z 0 [Warning] [MY-010918] [Server] 'default_authentication_plugin' is deprecated and will be removed in a future release. Please use authentication_policy instead.
2023-10-26T06:14:39.935814Z 0 [System] [MY-010116] [Server] C:\laragon\bin\mysql\mysql-8.0.30-winx64\bin\mysqld (mysqld 8.0.30) starting as process 14168
2023-10-26T06:14:40.024385Z 1 [System] [MY-013576] [InnoDB] InnoDB initialization has started.
2023-10-26T06:14:40.494130Z 1 [System] [MY-013577] [InnoDB] InnoDB initialization has ended.
2023-10-26T06:14:41.137603Z 0 [Warning] [MY-013829] [Server] Missing data directory for ICU regular expressions: C:\laragon\bin\mysql\mysql-8.0.30-winx64\lib\private\.
2023-10-26T06:14:41.163361Z 0 [Warning] [MY-010068] [Server] CA certificate ca.pem is self signed.
2023-10-26T06:14:41.164514Z 0 [System] [MY-013602] [Server] Channel mysql_main configured to support TLS. Encrypted connections are now supported for this channel.
2023-10-26T06:14:41.250457Z 0 [System] [MY-011323] [Server] X Plugin ready for connections. Bind-address: '::' port: 33060
2023-10-26T06:14:41.250655Z 0 [System] [MY-010931] [Server] C:\laragon\bin\mysql\mysql-8.0.30-winx64\bin\mysqld: ready for connections. Version: '8.0.30'  socket: ''  port: 3306  MySQL Community Server - GPL.
2023-10-26T07:05:04.078693Z 12 [System] [MY-013172] [Server] Received SHUTDOWN from user root. Shutting down mysqld (Version: 8.0.30).
2023-10-26T07:05:04.080716Z 0 [System] [MY-013105] [Server] C:\laragon\bin\mysql\mysql-8.0.30-winx64\bin\mysqld: Normal shutdown.
2023-10-26T07:05:05.510678Z 0 [System] [MY-010910] [Server] C:\laragon\bin\mysql\mysql-8.0.30-winx64\bin\mysqld: Shutdown complete (mysqld 8.0.30)  MySQL Community Server - GPL.
2023-10-26T07:10:13.420207Z 0 [Warning] [MY-010097] [Server] Insecure configuration for --secure-file-priv: Current value does not restrict location of generated files. Consider setting it to a valid, non-empty path.
2023-10-26T07:10:13.420274Z 0 [Warning] [MY-010918] [Server] 'default_authentication_plugin' is deprecated and will be removed in a future release. Please use authentication_policy instead.
2023-10-26T07:10:13.420316Z 0 [System] [MY-010116] [Server] C:\laragon\bin\mysql\mysql-8.0.30-winx64\bin\mysqld (mysqld 8.0.30) starting as process 26568
2023-10-26T07:10:13.527733Z 1 [System] [MY-013576] [InnoDB] InnoDB initialization has started.
2023-10-26T07:10:13.964612Z 1 [System] [MY-013577] [InnoDB] InnoDB initialization has ended.
2023-10-26T07:10:14.599137Z 0 [Warning] [MY-013829] [Server] Missing data directory for ICU regular expressions: C:\laragon\bin\mysql\mysql-8.0.30-winx64\lib\private\.
2023-10-26T07:10:14.610185Z 0 [Warning] [MY-010068] [Server] CA certificate ca.pem is self signed.
2023-10-26T07:10:14.611140Z 0 [System] [MY-013602] [Server] Channel mysql_main configured to support TLS. Encrypted connections are now supported for this channel.
2023-10-26T07:10:14.686308Z 0 [System] [MY-011323] [Server] X Plugin ready for connections. Bind-address: '::' port: 33060
2023-10-26T07:10:14.686815Z 0 [System] [MY-010931] [Server] C:\laragon\bin\mysql\mysql-8.0.30-winx64\bin\mysqld: ready for connections. Version: '8.0.30'  socket: ''  port: 3306  MySQL Community Server - GPL.
2023-10-27T02:30:40.253128Z 0 [Warning] [MY-010097] [Server] Insecure configuration for --secure-file-priv: Current value does not restrict location of generated files. Consider setting it to a valid, non-empty path.
2023-10-27T02:30:40.254173Z 0 [Warning] [MY-010918] [Server] 'default_authentication_plugin' is deprecated and will be removed in a future release. Please use authentication_policy instead.
2023-10-27T02:30:40.254227Z 0 [System] [MY-010116] [Server] C:\laragon\bin\mysql\mysql-8.0.30-winx64\bin\mysqld (mysqld 8.0.30) starting as process 15232
2023-10-27T02:30:40.361358Z 1 [System] [MY-013576] [InnoDB] InnoDB initialization has started.
2023-10-27T02:30:41.111748Z 1 [System] [MY-013577] [InnoDB] InnoDB initialization has ended.
2023-10-27T02:30:41.550011Z 0 [System] [MY-010229] [Server] Starting XA crash recovery...
2023-10-27T02:30:41.554483Z 0 [System] [MY-010232] [Server] XA crash recovery finished.
2023-10-27T02:30:41.614335Z 0 [Warning] [MY-013829] [Server] Missing data directory for ICU regular expressions: C:\laragon\bin\mysql\mysql-8.0.30-winx64\lib\private\.
2023-10-27T02:30:41.638233Z 0 [Warning] [MY-010068] [Server] CA certificate ca.pem is self signed.
2023-10-27T02:30:41.639081Z 0 [System] [MY-013602] [Server] Channel mysql_main configured to support TLS. Encrypted connections are now supported for this channel.
2023-10-27T02:30:41.744888Z 0 [System] [MY-011323] [Server] X Plugin ready for connections. Bind-address: '::' port: 33060
2023-10-27T02:30:41.745168Z 0 [System] [MY-010931] [Server] C:\laragon\bin\mysql\mysql-8.0.30-winx64\bin\mysqld: ready for connections. Version: '8.0.30'  socket: ''  port: 3306  MySQL Community Server - GPL.
2023-10-27T02:36:43.826964Z 10 [System] [MY-013172] [Server] Received SHUTDOWN from user root. Shutting down mysqld (Version: 8.0.30).
2023-10-27T02:36:43.828432Z 0 [System] [MY-013105] [Server] C:\laragon\bin\mysql\mysql-8.0.30-winx64\bin\mysqld: Normal shutdown.
2023-10-27T02:36:45.838483Z 0 [Warning] [MY-010909] [Server] C:\laragon\bin\mysql\mysql-8.0.30-winx64\bin\mysqld: Forcing close of thread 9  user: 'root'.
2023-10-27T02:36:46.815395Z 0 [System] [MY-010910] [Server] C:\laragon\bin\mysql\mysql-8.0.30-winx64\bin\mysqld: Shutdown complete (mysqld 8.0.30)  MySQL Community Server - GPL.
2023-10-27T02:40:35.275901Z 0 [Warning] [MY-010097] [Server] Insecure configuration for --secure-file-priv: Current value does not restrict location of generated files. Consider setting it to a valid, non-empty path.
2023-10-27T02:40:35.275970Z 0 [Warning] [MY-010918] [Server] 'default_authentication_plugin' is deprecated and will be removed in a future release. Please use authentication_policy instead.
2023-10-27T02:40:35.276005Z 0 [System] [MY-010116] [Server] C:\laragon\bin\mysql\mysql-8.0.30-winx64\bin\mysqld (mysqld 8.0.30) starting as process 18740
2023-10-27T02:40:35.362342Z 1 [System] [MY-013576] [InnoDB] InnoDB initialization has started.
2023-10-27T02:40:35.761236Z 1 [System] [MY-013577] [InnoDB] InnoDB initialization has ended.
2023-10-27T02:40:36.257376Z 0 [Warning] [MY-013829] [Server] Missing data directory for ICU regular expressions: C:\laragon\bin\mysql\mysql-8.0.30-winx64\lib\private\.
2023-10-27T02:40:36.268175Z 0 [Warning] [MY-010068] [Server] CA certificate ca.pem is self signed.
2023-10-27T02:40:36.269052Z 0 [System] [MY-013602] [Server] Channel mysql_main configured to support TLS. Encrypted connections are now supported for this channel.
2023-10-27T02:40:36.329123Z 0 [System] [MY-011323] [Server] X Plugin ready for connections. Bind-address: '::' port: 33060
2023-10-27T02:40:36.329381Z 0 [System] [MY-010931] [Server] C:\laragon\bin\mysql\mysql-8.0.30-winx64\bin\mysqld: ready for connections. Version: '8.0.30'  socket: ''  port: 3306  MySQL Community Server - GPL.
2023-10-27T03:44:57.041768Z 8 [System] [MY-013172] [Server] Received SHUTDOWN from user root. Shutting down mysqld (Version: 8.0.30).
2023-10-27T03:44:57.043272Z 0 [System] [MY-013105] [Server] C:\laragon\bin\mysql\mysql-8.0.30-winx64\bin\mysqld: Normal shutdown.
2023-10-27T03:44:57.757190Z 0 [System] [MY-010910] [Server] C:\laragon\bin\mysql\mysql-8.0.30-winx64\bin\mysqld: Shutdown complete (mysqld 8.0.30)  MySQL Community Server - GPL.
2023-10-27T04:54:30.105819Z 0 [Warning] [MY-010097] [Server] Insecure configuration for --secure-file-priv: Current value does not restrict location of generated files. Consider setting it to a valid, non-empty path.
2023-10-27T04:54:30.106196Z 0 [Warning] [MY-010918] [Server] 'default_authentication_plugin' is deprecated and will be removed in a future release. Please use authentication_policy instead.
2023-10-27T04:54:30.106237Z 0 [System] [MY-010116] [Server] C:\laragon\bin\mysql\mysql-8.0.30-winx64\bin\mysqld (mysqld 8.0.30) starting as process 18988
2023-10-27T04:54:30.171205Z 1 [System] [MY-013576] [InnoDB] InnoDB initialization has started.
2023-10-27T04:54:30.510711Z 1 [System] [MY-013577] [InnoDB] InnoDB initialization has ended.
2023-10-27T04:54:30.839518Z 0 [Warning] [MY-013829] [Server] Missing data directory for ICU regular expressions: C:\laragon\bin\mysql\mysql-8.0.30-winx64\lib\private\.
2023-10-27T04:54:30.863306Z 0 [Warning] [MY-010068] [Server] CA certificate ca.pem is self signed.
2023-10-27T04:54:30.863956Z 0 [System] [MY-013602] [Server] Channel mysql_main configured to support TLS. Encrypted connections are now supported for this channel.
2023-10-27T04:54:30.908081Z 0 [System] [MY-011323] [Server] X Plugin ready for connections. Bind-address: '::' port: 33060
2023-10-27T04:54:30.908162Z 0 [System] [MY-010931] [Server] C:\laragon\bin\mysql\mysql-8.0.30-winx64\bin\mysqld: ready for connections. Version: '8.0.30'  socket: ''  port: 3306  MySQL Community Server - GPL.
2023-10-27T04:57:07.016963Z 10 [System] [MY-013172] [Server] Received SHUTDOWN from user root. Shutting down mysqld (Version: 8.0.30).
2023-10-27T04:57:07.017883Z 0 [System] [MY-013105] [Server] C:\laragon\bin\mysql\mysql-8.0.30-winx64\bin\mysqld: Normal shutdown.
2023-10-27T04:57:07.494563Z 0 [System] [MY-010910] [Server] C:\laragon\bin\mysql\mysql-8.0.30-winx64\bin\mysqld: Shutdown complete (mysqld 8.0.30)  MySQL Community Server - GPL.
2023-10-27T10:17:00.313918Z 0 [Warning] [MY-010097] [Server] Insecure configuration for --secure-file-priv: Current value does not restrict location of generated files. Consider setting it to a valid, non-empty path.
2023-10-27T10:17:00.314689Z 0 [Warning] [MY-010918] [Server] 'default_authentication_plugin' is deprecated and will be removed in a future release. Please use authentication_policy instead.
2023-10-27T10:17:00.314723Z 0 [System] [MY-010116] [Server] C:\laragon\bin\mysql\mysql-8.0.30-winx64\bin\mysqld (mysqld 8.0.30) starting as process 24812
2023-10-27T10:17:00.394936Z 1 [System] [MY-013576] [InnoDB] InnoDB initialization has started.
2023-10-27T10:17:00.819122Z 1 [System] [MY-013577] [InnoDB] InnoDB initialization has ended.
2023-10-27T10:17:01.260579Z 0 [Warning] [MY-013829] [Server] Missing data directory for ICU regular expressions: C:\laragon\bin\mysql\mysql-8.0.30-winx64\lib\private\.
2023-10-27T10:17:01.281431Z 0 [Warning] [MY-010068] [Server] CA certificate ca.pem is self signed.
2023-10-27T10:17:01.282295Z 0 [System] [MY-013602] [Server] Channel mysql_main configured to support TLS. Encrypted connections are now supported for this channel.
2023-10-27T10:17:01.334036Z 0 [System] [MY-011323] [Server] X Plugin ready for connections. Bind-address: '::' port: 33060
2023-10-27T10:17:01.334205Z 0 [System] [MY-010931] [Server] C:\laragon\bin\mysql\mysql-8.0.30-winx64\bin\mysqld: ready for connections. Version: '8.0.30'  socket: ''  port: 3306  MySQL Community Server - GPL.
2023-10-27T17:49:20.702374Z 8 [System] [MY-013172] [Server] Received SHUTDOWN from user root. Shutting down mysqld (Version: 8.0.30).
2023-10-27T17:49:20.704576Z 0 [System] [MY-013105] [Server] C:\laragon\bin\mysql\mysql-8.0.30-winx64\bin\mysqld: Normal shutdown.
2023-10-27T17:49:22.090178Z 0 [System] [MY-010910] [Server] C:\laragon\bin\mysql\mysql-8.0.30-winx64\bin\mysqld: Shutdown complete (mysqld 8.0.30)  MySQL Community Server - GPL.
2023-10-28T19:36:52.909601Z 0 [Warning] [MY-010097] [Server] Insecure configuration for --secure-file-priv: Current value does not restrict location of generated files. Consider setting it to a valid, non-empty path.
2023-10-28T19:36:52.910014Z 0 [Warning] [MY-010918] [Server] 'default_authentication_plugin' is deprecated and will be removed in a future release. Please use authentication_policy instead.
2023-10-28T19:36:52.910057Z 0 [System] [MY-010116] [Server] C:\laragon\bin\mysql\mysql-8.0.30-winx64\bin\mysqld (mysqld 8.0.30) starting as process 22536
2023-10-28T19:36:52.978991Z 1 [System] [MY-013576] [InnoDB] InnoDB initialization has started.
2023-10-28T19:36:53.406774Z 1 [System] [MY-013577] [InnoDB] InnoDB initialization has ended.
2023-10-28T19:36:53.865311Z 0 [Warning] [MY-013829] [Server] Missing data directory for ICU regular expressions: C:\laragon\bin\mysql\mysql-8.0.30-winx64\lib\private\.
2023-10-28T19:36:53.888244Z 0 [Warning] [MY-010068] [Server] CA certificate ca.pem is self signed.
2023-10-28T19:36:53.888822Z 0 [System] [MY-013602] [Server] Channel mysql_main configured to support TLS. Encrypted connections are now supported for this channel.
2023-10-28T19:36:53.958671Z 0 [System] [MY-011323] [Server] X Plugin ready for connections. Bind-address: '::' port: 33060
2023-10-28T19:36:53.958862Z 0 [System] [MY-010931] [Server] C:\laragon\bin\mysql\mysql-8.0.30-winx64\bin\mysqld: ready for connections. Version: '8.0.30'  socket: ''  port: 3306  MySQL Community Server - GPL.
2023-10-28T20:33:34.694195Z 8 [System] [MY-013172] [Server] Received SHUTDOWN from user root. Shutting down mysqld (Version: 8.0.30).
2023-10-28T20:33:34.695544Z 0 [System] [MY-013105] [Server] C:\laragon\bin\mysql\mysql-8.0.30-winx64\bin\mysqld: Normal shutdown.
2023-10-28T20:33:35.782833Z 0 [System] [MY-010910] [Server] C:\laragon\bin\mysql\mysql-8.0.30-winx64\bin\mysqld: Shutdown complete (mysqld 8.0.30)  MySQL Community Server - GPL.
2023-10-31T05:07:59.362897Z 0 [Warning] [MY-010097] [Server] Insecure configuration for --secure-file-priv: Current value does not restrict location of generated files. Consider setting it to a valid, non-empty path.
2023-10-31T05:07:59.362979Z 0 [Warning] [MY-010918] [Server] 'default_authentication_plugin' is deprecated and will be removed in a future release. Please use authentication_policy instead.
2023-10-31T05:07:59.363018Z 0 [System] [MY-010116] [Server] C:\laragon\bin\mysql\mysql-8.0.30-winx64\bin\mysqld (mysqld 8.0.30) starting as process 26576
2023-10-31T05:07:59.422097Z 1 [System] [MY-013576] [InnoDB] InnoDB initialization has started.
2023-10-31T05:07:59.905424Z 1 [System] [MY-013577] [InnoDB] InnoDB initialization has ended.
2023-10-31T05:08:00.336293Z 0 [Warning] [MY-013829] [Server] Missing data directory for ICU regular expressions: C:\laragon\bin\mysql\mysql-8.0.30-winx64\lib\private\.
2023-10-31T05:08:00.361201Z 0 [Warning] [MY-010068] [Server] CA certificate ca.pem is self signed.
2023-10-31T05:08:00.362049Z 0 [System] [MY-013602] [Server] Channel mysql_main configured to support TLS. Encrypted connections are now supported for this channel.
2023-10-31T05:08:00.470518Z 0 [System] [MY-011323] [Server] X Plugin ready for connections. Bind-address: '::' port: 33060
2023-10-31T05:08:00.470774Z 0 [System] [MY-010931] [Server] C:\laragon\bin\mysql\mysql-8.0.30-winx64\bin\mysqld: ready for connections. Version: '8.0.30'  socket: ''  port: 3306  MySQL Community Server - GPL.
2023-10-31T06:20:28.403646Z 9 [System] [MY-013172] [Server] Received SHUTDOWN from user root. Shutting down mysqld (Version: 8.0.30).
2023-10-31T06:20:28.405393Z 0 [System] [MY-013105] [Server] C:\laragon\bin\mysql\mysql-8.0.30-winx64\bin\mysqld: Normal shutdown.
2023-10-31T06:20:30.417679Z 0 [Warning] [MY-010909] [Server] C:\laragon\bin\mysql\mysql-8.0.30-winx64\bin\mysqld: Forcing close of thread 8  user: 'root'.
2023-10-31T06:20:31.090396Z 0 [System] [MY-010910] [Server] C:\laragon\bin\mysql\mysql-8.0.30-winx64\bin\mysqld: Shutdown complete (mysqld 8.0.30)  MySQL Community Server - GPL.
2023-10-31T06:20:49.665190Z 0 [Warning] [MY-010097] [Server] Insecure configuration for --secure-file-priv: Current value does not restrict location of generated files. Consider setting it to a valid, non-empty path.
2023-10-31T06:20:49.665305Z 0 [Warning] [MY-010918] [Server] 'default_authentication_plugin' is deprecated and will be removed in a future release. Please use authentication_policy instead.
2023-10-31T06:20:49.665371Z 0 [System] [MY-010116] [Server] C:\laragon\bin\mysql\mysql-8.0.30-winx64\bin\mysqld (mysqld 8.0.30) starting as process 10036
2023-10-31T06:20:49.706871Z 1 [System] [MY-013576] [InnoDB] InnoDB initialization has started.
2023-10-31T06:20:50.159214Z 1 [System] [MY-013577] [InnoDB] InnoDB initialization has ended.
2023-10-31T06:20:50.624917Z 0 [Warning] [MY-013829] [Server] Missing data directory for ICU regular expressions: C:\laragon\bin\mysql\mysql-8.0.30-winx64\lib\private\.
2023-10-31T06:20:50.640146Z 0 [Warning] [MY-010068] [Server] CA certificate ca.pem is self signed.
2023-10-31T06:20:50.641610Z 0 [System] [MY-013602] [Server] Channel mysql_main configured to support TLS. Encrypted connections are now supported for this channel.
2023-10-31T06:20:50.724893Z 0 [System] [MY-011323] [Server] X Plugin ready for connections. Bind-address: '::' port: 33060
2023-10-31T06:20:50.725250Z 0 [System] [MY-010931] [Server] C:\laragon\bin\mysql\mysql-8.0.30-winx64\bin\mysqld: ready for connections. Version: '8.0.30'  socket: ''  port: 3306  MySQL Community Server - GPL.
2023-10-31T07:48:42.700612Z 8 [System] [MY-013172] [Server] Received SHUTDOWN from user root. Shutting down mysqld (Version: 8.0.30).
2023-10-31T07:48:42.703455Z 0 [System] [MY-013105] [Server] C:\laragon\bin\mysql\mysql-8.0.30-winx64\bin\mysqld: Normal shutdown.
2023-10-31T07:48:44.121267Z 0 [System] [MY-010910] [Server] C:\laragon\bin\mysql\mysql-8.0.30-winx64\bin\mysqld: Shutdown complete (mysqld 8.0.30)  MySQL Community Server - GPL.
2023-10-31T07:48:49.301359Z 0 [Warning] [MY-010097] [Server] Insecure configuration for --secure-file-priv: Current value does not restrict location of generated files. Consider setting it to a valid, non-empty path.
2023-10-31T07:48:49.301470Z 0 [Warning] [MY-010918] [Server] 'default_authentication_plugin' is deprecated and will be removed in a future release. Please use authentication_policy instead.
2023-10-31T07:48:49.301524Z 0 [System] [MY-010116] [Server] C:\laragon\bin\mysql\mysql-8.0.30-winx64\bin\mysqld (mysqld 8.0.30) starting as process 34604
2023-10-31T07:48:49.344987Z 1 [System] [MY-013576] [InnoDB] InnoDB initialization has started.
2023-10-31T07:48:49.814227Z 1 [System] [MY-013577] [InnoDB] InnoDB initialization has ended.
2023-10-31T07:48:50.327004Z 0 [Warning] [MY-013829] [Server] Missing data directory for ICU regular expressions: C:\laragon\bin\mysql\mysql-8.0.30-winx64\lib\private\.
2023-10-31T07:48:50.337761Z 0 [Warning] [MY-010068] [Server] CA certificate ca.pem is self signed.
2023-10-31T07:48:50.338613Z 0 [System] [MY-013602] [Server] Channel mysql_main configured to support TLS. Encrypted connections are now supported for this channel.
2023-10-31T07:48:50.395202Z 0 [System] [MY-011323] [Server] X Plugin ready for connections. Bind-address: '::' port: 33060
2023-10-31T07:48:50.395556Z 0 [System] [MY-010931] [Server] C:\laragon\bin\mysql\mysql-8.0.30-winx64\bin\mysqld: ready for connections. Version: '8.0.30'  socket: ''  port: 3306  MySQL Community Server - GPL.
2023-10-31T08:00:11.905955Z 9 [System] [MY-013172] [Server] Received SHUTDOWN from user root. Shutting down mysqld (Version: 8.0.30).
2023-10-31T08:00:11.907868Z 0 [System] [MY-013105] [Server] C:\laragon\bin\mysql\mysql-8.0.30-winx64\bin\mysqld: Normal shutdown.
2023-10-31T08:00:12.951875Z 0 [System] [MY-010910] [Server] C:\laragon\bin\mysql\mysql-8.0.30-winx64\bin\mysqld: Shutdown complete (mysqld 8.0.30)  MySQL Community Server - GPL.
2023-11-01T04:11:24.912994Z 0 [Warning] [MY-010097] [Server] Insecure configuration for --secure-file-priv: Current value does not restrict location of generated files. Consider setting it to a valid, non-empty path.
2023-11-01T04:11:24.913105Z 0 [Warning] [MY-010918] [Server] 'default_authentication_plugin' is deprecated and will be removed in a future release. Please use authentication_policy instead.
2023-11-01T04:11:24.913157Z 0 [System] [MY-010116] [Server] C:\laragon\bin\mysql\mysql-8.0.30-winx64\bin\mysqld (mysqld 8.0.30) starting as process 22164
2023-11-01T04:11:24.976663Z 1 [System] [MY-013576] [InnoDB] InnoDB initialization has started.
2023-11-01T04:11:25.450806Z 1 [System] [MY-013577] [InnoDB] InnoDB initialization has ended.
2023-11-01T04:11:25.922234Z 0 [Warning] [MY-013829] [Server] Missing data directory for ICU regular expressions: C:\laragon\bin\mysql\mysql-8.0.30-winx64\lib\private\.
2023-11-01T04:11:25.938470Z 0 [Warning] [MY-010068] [Server] CA certificate ca.pem is self signed.
2023-11-01T04:11:25.939299Z 0 [System] [MY-013602] [Server] Channel mysql_main configured to support TLS. Encrypted connections are now supported for this channel.
2023-11-01T04:11:25.943218Z 0 [ERROR] [MY-010262] [Server] Can't start server: Bind on TCP/IP port: Only one usage of each socket address (protocol/network address/port) is normally permitted. 
2023-11-01T04:11:25.944672Z 0 [ERROR] [MY-010257] [Server] Do you already have another mysqld server running on port: 3306 ?
2023-11-01T04:11:25.945618Z 0 [ERROR] [MY-010119] [Server] Aborting
2023-11-01T04:11:27.248723Z 0 [System] [MY-010910] [Server] C:\laragon\bin\mysql\mysql-8.0.30-winx64\bin\mysqld: Shutdown complete (mysqld 8.0.30)  MySQL Community Server - GPL.
2023-11-01T04:11:34.280004Z 0 [Warning] [MY-010097] [Server] Insecure configuration for --secure-file-priv: Current value does not restrict location of generated files. Consider setting it to a valid, non-empty path.
2023-11-01T04:11:34.280106Z 0 [Warning] [MY-010918] [Server] 'default_authentication_plugin' is deprecated and will be removed in a future release. Please use authentication_policy instead.
2023-11-01T04:11:34.280157Z 0 [System] [MY-010116] [Server] C:\laragon\bin\mysql\mysql-8.0.30-winx64\bin\mysqld (mysqld 8.0.30) starting as process 10896
2023-11-01T04:11:34.388670Z 1 [System] [MY-013576] [InnoDB] InnoDB initialization has started.
2023-11-01T04:11:34.790742Z 1 [System] [MY-013577] [InnoDB] InnoDB initialization has ended.
2023-11-01T04:11:35.220685Z 0 [Warning] [MY-013829] [Server] Missing data directory for ICU regular expressions: C:\laragon\bin\mysql\mysql-8.0.30-winx64\lib\private\.
2023-11-01T04:11:35.232602Z 0 [Warning] [MY-010068] [Server] CA certificate ca.pem is self signed.
2023-11-01T04:11:35.233441Z 0 [System] [MY-013602] [Server] Channel mysql_main configured to support TLS. Encrypted connections are now supported for this channel.
2023-11-01T04:11:35.337033Z 0 [System] [MY-011323] [Server] X Plugin ready for connections. Bind-address: '::' port: 33060
2023-11-01T04:11:35.337315Z 0 [System] [MY-010931] [Server] C:\laragon\bin\mysql\mysql-8.0.30-winx64\bin\mysqld: ready for connections. Version: '8.0.30'  socket: ''  port: 3306  MySQL Community Server - GPL.
2023-11-01T04:26:35.279234Z 0 [Warning] [MY-010097] [Server] Insecure configuration for --secure-file-priv: Current value does not restrict location of generated files. Consider setting it to a valid, non-empty path.
2023-11-01T04:26:35.279316Z 0 [Warning] [MY-010918] [Server] 'default_authentication_plugin' is deprecated and will be removed in a future release. Please use authentication_policy instead.
2023-11-01T04:26:35.279372Z 0 [System] [MY-010116] [Server] C:\laragon\bin\mysql\mysql-8.0.30-winx64\bin\mysqld (mysqld 8.0.30) starting as process 25356
2023-11-01T04:26:35.323000Z 1 [System] [MY-013576] [InnoDB] InnoDB initialization has started.
2023-11-01T04:26:35.325999Z 1 [ERROR] [MY-012271] [InnoDB] The innodb_system data file 'ibdata1' must be writable
2023-11-01T04:26:35.327365Z 1 [ERROR] [MY-012278] [InnoDB] The innodb_system data file 'ibdata1' must be writable
2023-11-01T04:26:35.329100Z 1 [ERROR] [MY-010334] [Server] Failed to initialize DD Storage Engine
2023-11-01T04:26:35.330771Z 0 [ERROR] [MY-010020] [Server] Data Dictionary initialization failed.
2023-11-01T04:26:35.332414Z 0 [ERROR] [MY-010119] [Server] Aborting
2023-11-01T04:26:35.337289Z 0 [System] [MY-010910] [Server] C:\laragon\bin\mysql\mysql-8.0.30-winx64\bin\mysqld: Shutdown complete (mysqld 8.0.30)  MySQL Community Server - GPL.
2023-11-01T04:26:57.306858Z 10 [System] [MY-013172] [Server] Received SHUTDOWN from user root. Shutting down mysqld (Version: 8.0.30).
2023-11-01T04:26:57.308062Z 0 [System] [MY-013105] [Server] C:\laragon\bin\mysql\mysql-8.0.30-winx64\bin\mysqld: Normal shutdown.
2023-11-01T04:26:58.002051Z 0 [System] [MY-010910] [Server] C:\laragon\bin\mysql\mysql-8.0.30-winx64\bin\mysqld: Shutdown complete (mysqld 8.0.30)  MySQL Community Server - GPL.
2023-11-01T05:19:29.953596Z 0 [Warning] [MY-010097] [Server] Insecure configuration for --secure-file-priv: Current value does not restrict location of generated files. Consider setting it to a valid, non-empty path.
2023-11-01T05:19:29.954508Z 0 [Warning] [MY-010918] [Server] 'default_authentication_plugin' is deprecated and will be removed in a future release. Please use authentication_policy instead.
2023-11-01T05:19:29.954553Z 0 [System] [MY-010116] [Server] C:\laragon\bin\mysql\mysql-8.0.30-winx64\bin\mysqld (mysqld 8.0.30) starting as process 32844
2023-11-01T05:19:30.030638Z 1 [System] [MY-013576] [InnoDB] InnoDB initialization has started.
2023-11-01T05:19:30.414559Z 1 [System] [MY-013577] [InnoDB] InnoDB initialization has ended.
2023-11-01T05:19:30.960367Z 0 [Warning] [MY-013829] [Server] Missing data directory for ICU regular expressions: C:\laragon\bin\mysql\mysql-8.0.30-winx64\lib\private\.
2023-11-01T05:19:30.981432Z 0 [Warning] [MY-010068] [Server] CA certificate ca.pem is self signed.
2023-11-01T05:19:30.982384Z 0 [System] [MY-013602] [Server] Channel mysql_main configured to support TLS. Encrypted connections are now supported for this channel.
2023-11-01T05:19:30.985459Z 0 [ERROR] [MY-010262] [Server] Can't start server: Bind on TCP/IP port: Only one usage of each socket address (protocol/network address/port) is normally permitted. 
2023-11-01T05:19:30.987190Z 0 [ERROR] [MY-010257] [Server] Do you already have another mysqld server running on port: 3306 ?
2023-11-01T05:19:30.988639Z 0 [ERROR] [MY-010119] [Server] Aborting
2023-11-01T05:19:32.209814Z 0 [System] [MY-010910] [Server] C:\laragon\bin\mysql\mysql-8.0.30-winx64\bin\mysqld: Shutdown complete (mysqld 8.0.30)  MySQL Community Server - GPL.
2023-11-01T05:19:40.557548Z 0 [Warning] [MY-010097] [Server] Insecure configuration for --secure-file-priv: Current value does not restrict location of generated files. Consider setting it to a valid, non-empty path.
2023-11-01T05:19:40.557625Z 0 [Warning] [MY-010918] [Server] 'default_authentication_plugin' is deprecated and will be removed in a future release. Please use authentication_policy instead.
2023-11-01T05:19:40.557665Z 0 [System] [MY-010116] [Server] C:\laragon\bin\mysql\mysql-8.0.30-winx64\bin\mysqld (mysqld 8.0.30) starting as process 34608
2023-11-01T05:19:40.666774Z 1 [System] [MY-013576] [InnoDB] InnoDB initialization has started.
2023-11-01T05:19:41.093960Z 1 [System] [MY-013577] [InnoDB] InnoDB initialization has ended.
2023-11-01T05:19:41.532091Z 0 [Warning] [MY-013829] [Server] Missing data directory for ICU regular expressions: C:\laragon\bin\mysql\mysql-8.0.30-winx64\lib\private\.
2023-11-01T05:19:41.542604Z 0 [Warning] [MY-010068] [Server] CA certificate ca.pem is self signed.
2023-11-01T05:19:41.543353Z 0 [System] [MY-013602] [Server] Channel mysql_main configured to support TLS. Encrypted connections are now supported for this channel.
2023-11-01T05:19:41.614980Z 0 [System] [MY-011323] [Server] X Plugin ready for connections. Bind-address: '::' port: 33060
2023-11-01T05:19:41.615227Z 0 [System] [MY-010931] [Server] C:\laragon\bin\mysql\mysql-8.0.30-winx64\bin\mysqld: ready for connections. Version: '8.0.30'  socket: ''  port: 3306  MySQL Community Server - GPL.
2023-11-01T05:21:08.508296Z 0 [Warning] [MY-010097] [Server] Insecure configuration for --secure-file-priv: Current value does not restrict location of generated files. Consider setting it to a valid, non-empty path.
2023-11-01T05:21:08.508355Z 0 [Warning] [MY-010918] [Server] 'default_authentication_plugin' is deprecated and will be removed in a future release. Please use authentication_policy instead.
2023-11-01T05:21:08.508394Z 0 [System] [MY-010116] [Server] C:\laragon\bin\mysql\mysql-8.0.30-winx64\bin\mysqld (mysqld 8.0.30) starting as process 14232
2023-11-01T05:21:08.554255Z 1 [System] [MY-013576] [InnoDB] InnoDB initialization has started.
2023-11-01T05:21:08.556622Z 1 [ERROR] [MY-012271] [InnoDB] The innodb_system data file 'ibdata1' must be writable
2023-11-01T05:21:08.557608Z 1 [ERROR] [MY-012278] [InnoDB] The innodb_system data file 'ibdata1' must be writable
2023-11-01T05:21:08.558945Z 1 [ERROR] [MY-010334] [Server] Failed to initialize DD Storage Engine
2023-11-01T05:21:08.560668Z 0 [ERROR] [MY-010020] [Server] Data Dictionary initialization failed.
2023-11-01T05:21:08.561705Z 0 [ERROR] [MY-010119] [Server] Aborting
2023-11-01T05:21:08.566210Z 0 [System] [MY-010910] [Server] C:\laragon\bin\mysql\mysql-8.0.30-winx64\bin\mysqld: Shutdown complete (mysqld 8.0.30)  MySQL Community Server - GPL.
2023-11-01T05:22:28.889313Z 9 [System] [MY-013172] [Server] Received SHUTDOWN from user root. Shutting down mysqld (Version: 8.0.30).
2023-11-01T05:22:28.890812Z 0 [System] [MY-013105] [Server] C:\laragon\bin\mysql\mysql-8.0.30-winx64\bin\mysqld: Normal shutdown.
2023-11-01T05:22:30.324534Z 0 [System] [MY-010910] [Server] C:\laragon\bin\mysql\mysql-8.0.30-winx64\bin\mysqld: Shutdown complete (mysqld 8.0.30)  MySQL Community Server - GPL.
2023-11-01T05:40:20.800469Z 0 [Warning] [MY-010097] [Server] Insecure configuration for --secure-file-priv: Current value does not restrict location of generated files. Consider setting it to a valid, non-empty path.
2023-11-01T05:40:20.800594Z 0 [Warning] [MY-010918] [Server] 'default_authentication_plugin' is deprecated and will be removed in a future release. Please use authentication_policy instead.
2023-11-01T05:40:20.800668Z 0 [System] [MY-010116] [Server] C:\laragon\bin\mysql\mysql-8.0.30-winx64\bin\mysqld (mysqld 8.0.30) starting as process 33148
2023-11-01T05:40:20.911297Z 1 [System] [MY-013576] [InnoDB] InnoDB initialization has started.
2023-11-01T05:40:21.362690Z 1 [System] [MY-013577] [InnoDB] InnoDB initialization has ended.
2023-11-01T05:40:22.017446Z 0 [Warning] [MY-013829] [Server] Missing data directory for ICU regular expressions: C:\laragon\bin\mysql\mysql-8.0.30-winx64\lib\private\.
2023-11-01T05:40:22.028325Z 0 [Warning] [MY-010068] [Server] CA certificate ca.pem is self signed.
2023-11-01T05:40:22.029263Z 0 [System] [MY-013602] [Server] Channel mysql_main configured to support TLS. Encrypted connections are now supported for this channel.
2023-11-01T05:40:22.031882Z 0 [ERROR] [MY-010262] [Server] Can't start server: Bind on TCP/IP port: Only one usage of each socket address (protocol/network address/port) is normally permitted. 
2023-11-01T05:40:22.033384Z 0 [ERROR] [MY-010257] [Server] Do you already have another mysqld server running on port: 3306 ?
2023-11-01T05:40:22.034769Z 0 [ERROR] [MY-010119] [Server] Aborting
2023-11-01T05:40:23.292017Z 0 [System] [MY-010910] [Server] C:\laragon\bin\mysql\mysql-8.0.30-winx64\bin\mysqld: Shutdown complete (mysqld 8.0.30)  MySQL Community Server - GPL.
2023-11-01T07:00:50.548501Z 0 [Warning] [MY-010097] [Server] Insecure configuration for --secure-file-priv: Current value does not restrict location of generated files. Consider setting it to a valid, non-empty path.
2023-11-01T07:00:50.548571Z 0 [Warning] [MY-010918] [Server] 'default_authentication_plugin' is deprecated and will be removed in a future release. Please use authentication_policy instead.
2023-11-01T07:00:50.548614Z 0 [System] [MY-010116] [Server] C:\laragon\bin\mysql\mysql-8.0.30-winx64\bin\mysqld (mysqld 8.0.30) starting as process 20228
2023-11-01T07:00:50.584971Z 1 [System] [MY-013576] [InnoDB] InnoDB initialization has started.
2023-11-01T07:00:50.987984Z 1 [System] [MY-013577] [InnoDB] InnoDB initialization has ended.
2023-11-01T07:00:51.400726Z 0 [Warning] [MY-013829] [Server] Missing data directory for ICU regular expressions: C:\laragon\bin\mysql\mysql-8.0.30-winx64\lib\private\.
2023-11-01T07:00:51.410847Z 0 [Warning] [MY-010068] [Server] CA certificate ca.pem is self signed.
2023-11-01T07:00:51.411784Z 0 [System] [MY-013602] [Server] Channel mysql_main configured to support TLS. Encrypted connections are now supported for this channel.
2023-11-01T07:00:51.465455Z 0 [System] [MY-011323] [Server] X Plugin ready for connections. Bind-address: '::' port: 33060
2023-11-01T07:00:51.465709Z 0 [System] [MY-010931] [Server] C:\laragon\bin\mysql\mysql-8.0.30-winx64\bin\mysqld: ready for connections. Version: '8.0.30'  socket: ''  port: 3306  MySQL Community Server - GPL.
